#
# There is insufficient memory for the Java Runtime Environment to continue.
# Native memory allocation (malloc) failed to allocate 1405840 bytes for Chunk::new
# Possible reasons:
#   The system is out of physical RAM or swap space
#   The process is running with CompressedOops enabled, and the Java Heap may be blocking the growth of the native heap
# Possible solutions:
#   Reduce memory load on the system
#   Increase physical memory or swap space
#   Check if swap backing store is full
#   Decrease Java heap size (-Xmx/-Xms)
#   Decrease number of Java threads
#   Decrease Java thread stack sizes (-Xss)
#   Set larger code cache with -XX:ReservedCodeCacheSize=
#   JVM is running with Unscaled Compressed Oops mode in which the Java heap is
#     placed in the first 4GB address space. The Java Heap base address is the
#     maximum limit for the native heap growth. Please use -XX:HeapBaseMinAddress
#     to set the Java Heap base and to place the Java Heap above 4GB virtual address.
# This output file may be truncated or incomplete.
#
#  Out of Memory Error (allocation.cpp:389), pid=8848, tid=0x0000000000001f58
#
# JRE version: OpenJDK Runtime Environment (8.0_242-b01) (build 1.8.0_242-release-1644-b01)
# Java VM: OpenJDK 64-Bit Server VM (25.242-b01 mixed mode windows-amd64 compressed oops)
# Failed to write core dump. Minidumps are not enabled by default on client versions of Windows
#

---------------  T H R E A D  ---------------

Current thread (0x0000000017fa7800):  JavaThread "C2 CompilerThread0" daemon [_thread_in_native, id=8024, stack(0x0000000019600000,0x0000000019700000)]

Stack: [0x0000000019600000,0x0000000019700000]
[error occurred during error reporting (printing stack bounds), id 0xc0000005]

Native frames: (J=compiled Java code, j=interpreted, Vv=VM code, C=native code)


Current CompileTask:
C2:2879056 20455 %     4       com.android.tools.r8.ir.optimize.l::m @ 89 (763 bytes)


---------------  P R O C E S S  ---------------

Java Threads: ( => current thread )
  0x0000000022b67000 JavaThread "WorkerExecutor Queue Thread 5" [_thread_blocked, id=6580, stack(0x0000000029480000,0x0000000029580000)]
  0x0000000022b62800 JavaThread "Cache worker for Java compile cache (D:\android\StaggeredGridLayout\.gradle\6.1.1\javaCompile)" [_thread_blocked, id=1120, stack(0x0000000028d80000,0x0000000028e80000)]
  0x000000001f8ca800 JavaThread "Cache worker for Java compile cache (C:\Users\Anil\.gradle\caches\6.1.1\javaCompile)" [_thread_blocked, id=6256, stack(0x00000000276b0000,0x00000000277b0000)]
  0x000000001f8c3800 JavaThread "stdout" [_thread_in_native, id=8256, stack(0x00000000278b0000,0x00000000279b0000)]
  0x000000001f8c4800 JavaThread "stderr" [_thread_in_native, id=7260, stack(0x00000000277b0000,0x00000000278b0000)]
  0x000000001f8c9000 JavaThread "WorkerExecutor Queue Thread 3" [_thread_blocked, id=4796, stack(0x00000000275b0000,0x00000000276b0000)]
  0x000000001f8c5000 JavaThread "WorkerExecutor Queue Thread 2" [_thread_blocked, id=8308, stack(0x00000000274b0000,0x00000000275b0000)]
  0x000000001f8c6800 JavaThread "stdout" [_thread_in_native, id=7608, stack(0x00000000273b0000,0x00000000274b0000)]
  0x000000001f8c8000 JavaThread "stderr" [_thread_in_native, id=2684, stack(0x00000000272b0000,0x00000000273b0000)]
  0x000000001f8c6000 JavaThread "stdout" [_thread_in_native, id=7744, stack(0x00000000270b0000,0x00000000271b0000)]
  0x000000001f8bc000 JavaThread "stderr" [_thread_in_native, id=8240, stack(0x0000000026fb0000,0x00000000270b0000)]
  0x000000001f8c3000 JavaThread "stdout" [_thread_in_native, id=4064, stack(0x0000000026eb0000,0x0000000026fb0000)]
  0x000000001f8c2000 JavaThread "stderr" [_thread_in_native, id=5136, stack(0x0000000026db0000,0x0000000026eb0000)]
  0x000000001f8be000 JavaThread "pool-8-thread-1" [_thread_blocked, id=3508, stack(0x0000000026cb0000,0x0000000026db0000)]
  0x000000001f8bd800 JavaThread "WorkerExecutor Queue" [_thread_blocked, id=3756, stack(0x0000000026610000,0x0000000026710000)]
  0x000000001f8bb000 JavaThread "Cache worker for execution history cache (D:\android\StaggeredGridLayout\.gradle\6.1.1\executionHistory)" [_thread_blocked, id=8836, stack(0x0000000026510000,0x0000000026610000)]
  0x000000001f8bf800 JavaThread "Execution worker for ':' Thread 3" [_thread_in_Java, id=4460, stack(0x00000000269b0000,0x0000000026ab0000)]
  0x000000001f8c0800 JavaThread "Execution worker for ':' Thread 2" [_thread_in_Java, id=4328, stack(0x00000000268b0000,0x00000000269b0000)]
  0x000000001f8bf000 JavaThread "Execution worker for ':'" [_thread_in_vm, id=8500, stack(0x00000000267b0000,0x00000000268b0000)]
  0x000000001bd26000 JavaThread "Cache worker for file content cache (D:\android\StaggeredGridLayout\.gradle\6.1.1\fileContent)" [_thread_blocked, id=4688, stack(0x0000000025270000,0x0000000025370000)]
  0x000000001bd24800 JavaThread "Cache worker for file content cache (C:\Users\Anil\.gradle\caches\6.1.1\fileContent)" [_thread_blocked, id=6632, stack(0x00000000240c0000,0x00000000241c0000)]
  0x000000001bd22800 JavaThread "Memory manager" [_thread_blocked, id=7720, stack(0x0000000023dc0000,0x0000000023ec0000)]
  0x000000001bd27800 JavaThread "Cache worker for Build Output Cleanup Cache (D:\android\StaggeredGridLayout\.gradle\buildOutputCleanup)" [_thread_blocked, id=7072, stack(0x0000000023cc0000,0x0000000023dc0000)]
  0x000000001b44d000 JavaThread "Build operations Thread 4" [_thread_blocked, id=72, stack(0x0000000023bc0000,0x0000000023cc0000)]
  0x000000001b44c000 JavaThread "Build operations Thread 3" [_thread_blocked, id=6948, stack(0x0000000023ac0000,0x0000000023bc0000)]
  0x000000001b447800 JavaThread "Build operations Thread 2" [_thread_blocked, id=6120, stack(0x0000000020610000,0x0000000020710000)]
  0x000000001b44a000 JavaThread "Build operations" [_thread_blocked, id=4256, stack(0x0000000020510000,0x0000000020610000)]
  0x000000001b44e800 JavaThread "Cache worker for cache directory md-rule (C:\Users\Anil\.gradle\caches\6.1.1\md-rule)" [_thread_blocked, id=6088, stack(0x0000000020410000,0x0000000020510000)]
  0x000000001b447000 JavaThread "Cache worker for cache directory md-supplier (C:\Users\Anil\.gradle\caches\6.1.1\md-supplier)" [_thread_blocked, id=4132, stack(0x0000000020310000,0x0000000020410000)]
  0x000000001b44b800 JavaThread "Cache worker for file hash cache (D:\android\StaggeredGridLayout\.gradle\6.1.1\fileHashes)" [_thread_blocked, id=1808, stack(0x0000000020210000,0x0000000020310000)]
  0x000000001b449000 JavaThread "Cache worker for checksums cache (D:\android\StaggeredGridLayout\.gradle\checksums)" [_thread_blocked, id=5332, stack(0x000000001d870000,0x000000001d970000)]
  0x000000001b448800 JavaThread "Thread-56" [_thread_blocked, id=5812, stack(0x000000001d570000,0x000000001d670000)]
  0x000000001b445800 JavaThread "Asynchronous log dispatcher for DefaultDaemonConnection: socket connection from /127.0.0.1:50155 to /127.0.0.1:50486" [_thread_blocked, id=8884, stack(0x000000001d170000,0x000000001d270000)]
  0x000000001b444000 JavaThread "Daemon worker Thread 3" [_thread_in_Java, id=1772, stack(0x000000001d070000,0x000000001d170000)]
  0x000000001b441800 JavaThread "Cancel handler" [_thread_blocked, id=1152, stack(0x0000000001740000,0x0000000001840000)]
  0x000000001b444800 JavaThread "Handler for socket connection from /127.0.0.1:50155 to /127.0.0.1:50486" [_thread_in_native, id=6700, stack(0x0000000001640000,0x0000000001740000)]
  0x000000001b442800 JavaThread "Daemon Thread 3" [_thread_blocked, id=6448, stack(0x0000000001420000,0x0000000001520000)]
  0x000000001bd25800 JavaThread "Cache worker for execution history cache (C:\Users\Anil\.gradle\caches\6.1.1\executionHistory)" [_thread_blocked, id=1744, stack(0x0000000021950000,0x0000000021a50000)]
  0x000000001bd23000 JavaThread "Cache worker for file hash cache (C:\Users\Anil\.gradle\caches\6.1.1\fileHashes)" [_thread_blocked, id=5900, stack(0x000000001dd70000,0x000000001de70000)]
  0x000000001bd27000 JavaThread "File lock request listener" [_thread_in_native, id=7280, stack(0x000000001dc70000,0x000000001dd70000)]
  0x000000001bdab800 JavaThread "Cache worker for journal cache (C:\Users\Anil\.gradle\caches\journal-1)" [_thread_blocked, id=2196, stack(0x000000001db70000,0x000000001dc70000)]
  0x000000001bc3d800 JavaThread "Daemon periodic checks" [_thread_blocked, id=7488, stack(0x000000001cf70000,0x000000001d070000)]
  0x000000001bc3b000 JavaThread "Incoming local TCP Connector on port 50155" [_thread_in_native, id=3632, stack(0x000000001a000000,0x000000001a100000)]
  0x0000000019884000 JavaThread "Daemon health stats" [_thread_blocked, id=5164, stack(0x0000000019f00000,0x000000001a000000)]
  0x000000001980e000 JavaThread "Service Thread" daemon [_thread_blocked, id=8468, stack(0x0000000019d00000,0x0000000019e00000)]
  0x000000001980b000 JavaThread "C1 CompilerThread2" daemon [_thread_blocked, id=4700, stack(0x0000000019c00000,0x0000000019d00000)]
  0x0000000017ff2800 JavaThread "C2 CompilerThread1" daemon [_thread_in_native, id=7440, stack(0x0000000019700000,0x0000000019800000)]
=>0x0000000017fa7800 JavaThread "C2 CompilerThread0" daemon [_thread_in_native, id=8024, stack(0x0000000019600000,0x0000000019700000)]
  0x0000000017fa4800 JavaThread "Attach Listener" daemon [_thread_blocked, id=3084, stack(0x0000000019500000,0x0000000019600000)]
  0x0000000017fa3000 JavaThread "Signal Dispatcher" daemon [_thread_blocked, id=7956, stack(0x0000000019400000,0x0000000019500000)]
  0x0000000003285800 JavaThread "Finalizer" daemon [_thread_blocked, id=8672, stack(0x0000000019200000,0x0000000019300000)]
  0x0000000017f89000 JavaThread "Reference Handler" daemon [_thread_blocked, id=9020, stack(0x0000000019100000,0x0000000019200000)]
  0x000000000347d800 JavaThread "main" [_thread_blocked, id=5184, stack(0x00000000018c0000,0x00000000019c0000)]

Other Threads:
  0x0000000017f66800 VMThread [stack: 0x0000000019000000,0x0000000019100000] [id=5312]
  0x000000001980f000 WatcherThread [stack: 0x0000000019e00000,0x0000000019f00000] [id=3936]

VM state:not at safepoint (normal execution)

VM Mutex/Monitor currently owned by a thread: None

heap address: 0x0000000080000000, size: 2048 MB, Compressed Oops mode: 32-bit
Narrow klass base: 0x0000000000000000, Narrow klass shift: 3
Compressed class space size: 1073741824 Address: 0x0000000100000000

Heap:
 PSYoungGen      total 299520K, used 94855K [0x00000000d5580000, 0x00000000e9600000, 0x0000000100000000)
  eden space 270848K, 33% used [0x00000000d5580000,0x00000000dad4be88,0x00000000e5e00000)
  from space 28672K, 17% used [0x00000000e5e00000,0x00000000e62d5e78,0x00000000e7a00000)
  to   space 27136K, 0% used [0x00000000e7b80000,0x00000000e7b80000,0x00000000e9600000)
 ParOldGen       total 205312K, used 93529K [0x0000000080000000, 0x000000008c880000, 0x00000000d5580000)
  object space 205312K, 45% used [0x0000000080000000,0x0000000085b56540,0x000000008c880000)
 Metaspace       used 102484K, capacity 107116K, committed 107416K, reserved 1142784K
  class space    used 13201K, capacity 14134K, committed 14256K, reserved 1048576K

Card table byte_map: [0x0000000012840000,0x0000000012c50000] byte_map_base: 0x0000000012440000

Marking Bits: (ParMarkBitMap*) 0x00000000745ef030
 Begin Bits: [0x0000000013200000, 0x0000000015200000)
 End Bits:   [0x0000000015200000, 0x0000000017200000)

Polling page: 0x0000000003170000

CodeCache: size=245760Kb used=56518Kb max_used=56558Kb free=189241Kb
 bounds [0x0000000003480000, 0x0000000006ca0000, 0x0000000012480000]
 total_blobs=17915 nmethods=17018 adapters=808
 compilation: enabled

Compilation events (10 events):
Event: 2878.898 Thread 0x000000001980b000 20587       3       com.android.tools.r8.u.a.i.e::b (608 bytes)
Event: 2878.907 Thread 0x000000001980b000 nmethod 20587 0x0000000006c91050 code [0x0000000006c91880, 0x0000000006c97428]
Event: 2878.929 Thread 0x000000001980b000 20588       2       com.android.tools.r8.ir.conversion.o$$Lambda$944/1512983118::test (8 bytes)
Event: 2878.930 Thread 0x000000001980b000 nmethod 20588 0x0000000005367090 code [0x00000000053671e0, 0x00000000053673b0]
Event: 2878.935 Thread 0x000000001980b000 20589       1       java.util.IdentityHashMap$KeySet::size (8 bytes)
Event: 2878.935 Thread 0x000000001980b000 nmethod 20589 0x0000000005f83510 code [0x0000000005f83660, 0x0000000005f83770]
Event: 2878.968 Thread 0x000000001980b000 20591       2       com.android.tools.r8.graph.E$b::hashCode (16 bytes)
Event: 2878.968 Thread 0x000000001980b000 nmethod 20591 0x000000000420d6d0 code [0x000000000420d840, 0x000000000420d9c8]
Event: 2879.042 Thread 0x000000001980b000 20592       3       com.android.tools.r8.u.b.W::a (134 bytes)
Event: 2879.045 Thread 0x000000001980b000 nmethod 20592 0x0000000005115210 code [0x00000000051155a0, 0x00000000051171f8]

GC Heap History (10 events):
Event: 2871.953 GC heap before
{Heap before GC invocations=29 (full 4):
 PSYoungGen      total 261632K, used 246350K [0x00000000d5580000, 0x00000000e7300000, 0x0000000100000000)
  eden space 231424K, 100% used [0x00000000d5580000,0x00000000e3780000,0x00000000e3780000)
  from space 30208K, 49% used [0x00000000e5380000,0x00000000e6213818,0x00000000e7100000)
  to   space 28672K, 0% used [0x00000000e3780000,0x00000000e3780000,0x00000000e5380000)
 ParOldGen       total 205312K, used 67913K [0x0000000080000000, 0x000000008c880000, 0x00000000d5580000)
  object space 205312K, 33% used [0x0000000080000000,0x0000000084252580,0x000000008c880000)
 Metaspace       used 101199K, capacity 105588K, committed 106008K, reserved 1140736K
  class space    used 13070K, capacity 13996K, committed 14128K, reserved 1048576K
Event: 2871.989 GC heap after
Heap after GC invocations=29 (full 4):
 PSYoungGen      total 260096K, used 4242K [0x00000000d5580000, 0x00000000e9800000, 0x0000000100000000)
  eden space 231424K, 0% used [0x00000000d5580000,0x00000000d5580000,0x00000000e3780000)
  from space 28672K, 14% used [0x00000000e3780000,0x00000000e3ba48d8,0x00000000e5380000)
  to   space 29184K, 0% used [0x00000000e7b80000,0x00000000e7b80000,0x00000000e9800000)
 ParOldGen       total 205312K, used 78828K [0x0000000080000000, 0x000000008c880000, 0x00000000d5580000)
  object space 205312K, 38% used [0x0000000080000000,0x0000000084cfb3b8,0x000000008c880000)
 Metaspace       used 101199K, capacity 105588K, committed 106008K, reserved 1140736K
  class space    used 13070K, capacity 13996K, committed 14128K, reserved 1048576K
}
Event: 2873.148 GC heap before
{Heap before GC invocations=30 (full 4):
 PSYoungGen      total 260096K, used 235666K [0x00000000d5580000, 0x00000000e9800000, 0x0000000100000000)
  eden space 231424K, 100% used [0x00000000d5580000,0x00000000e3780000,0x00000000e3780000)
  from space 28672K, 14% used [0x00000000e3780000,0x00000000e3ba48d8,0x00000000e5380000)
  to   space 29184K, 0% used [0x00000000e7b80000,0x00000000e7b80000,0x00000000e9800000)
 ParOldGen       total 205312K, used 78828K [0x0000000080000000, 0x000000008c880000, 0x00000000d5580000)
  object space 205312K, 38% used [0x0000000080000000,0x0000000084cfb3b8,0x000000008c880000)
 Metaspace       used 101235K, capacity 105592K, committed 106008K, reserved 1140736K
  class space    used 13070K, capacity 13996K, committed 14128K, reserved 1048576K
Event: 2873.171 GC heap after
Heap after GC invocations=30 (full 4):
 PSYoungGen      total 297984K, used 5376K [0x00000000d5580000, 0x00000000e9600000, 0x0000000100000000)
  eden space 270848K, 0% used [0x00000000d5580000,0x00000000d5580000,0x00000000e5e00000)
  from space 27136K, 19% used [0x00000000e7b80000,0x00000000e80c0010,0x00000000e9600000)
  to   space 28672K, 0% used [0x00000000e5e00000,0x00000000e5e00000,0x00000000e7a00000)
 ParOldGen       total 205312K, used 80650K [0x0000000080000000, 0x000000008c880000, 0x00000000d5580000)
  object space 205312K, 39% used [0x0000000080000000,0x0000000084ec2a70,0x000000008c880000)
 Metaspace       used 101235K, capacity 105592K, committed 106008K, reserved 1140736K
  class space    used 13070K, capacity 13996K, committed 14128K, reserved 1048576K
}
Event: 2874.689 GC heap before
{Heap before GC invocations=31 (full 4):
 PSYoungGen      total 297984K, used 276224K [0x00000000d5580000, 0x00000000e9600000, 0x0000000100000000)
  eden space 270848K, 100% used [0x00000000d5580000,0x00000000e5e00000,0x00000000e5e00000)
  from space 27136K, 19% used [0x00000000e7b80000,0x00000000e80c0010,0x00000000e9600000)
  to   space 28672K, 0% used [0x00000000e5e00000,0x00000000e5e00000,0x00000000e7a00000)
 ParOldGen       total 205312K, used 80650K [0x0000000080000000, 0x000000008c880000, 0x00000000d5580000)
  object space 205312K, 39% used [0x0000000080000000,0x0000000084ec2a70,0x000000008c880000)
 Metaspace       used 102133K, capacity 106672K, committed 107160K, reserved 1142784K
  class space    used 13176K, capacity 14104K, committed 14256K, reserved 1048576K
Event: 2874.728 GC heap after
Heap after GC invocations=31 (full 4):
 PSYoungGen      total 299520K, used 7751K [0x00000000d5580000, 0x00000000e9600000, 0x0000000100000000)
  eden space 270848K, 0% used [0x00000000d5580000,0x00000000d5580000,0x00000000e5e00000)
  from space 28672K, 27% used [0x00000000e5e00000,0x00000000e6591fa8,0x00000000e7a00000)
  to   space 27136K, 0% used [0x00000000e7b80000,0x00000000e7b80000,0x00000000e9600000)
 ParOldGen       total 205312K, used 82866K [0x0000000080000000, 0x000000008c880000, 0x00000000d5580000)
  object space 205312K, 40% used [0x0000000080000000,0x00000000850eca90,0x000000008c880000)
 Metaspace       used 102133K, capacity 106672K, committed 107160K, reserved 1142784K
  class space    used 13176K, capacity 14104K, committed 14256K, reserved 1048576K
}
Event: 2876.661 GC heap before
{Heap before GC invocations=32 (full 4):
 PSYoungGen      total 299520K, used 278599K [0x00000000d5580000, 0x00000000e9600000, 0x0000000100000000)
  eden space 270848K, 100% used [0x00000000d5580000,0x00000000e5e00000,0x00000000e5e00000)
  from space 28672K, 27% used [0x00000000e5e00000,0x00000000e6591fa8,0x00000000e7a00000)
  to   space 27136K, 0% used [0x00000000e7b80000,0x00000000e7b80000,0x00000000e9600000)
 ParOldGen       total 205312K, used 82866K [0x0000000080000000, 0x000000008c880000, 0x00000000d5580000)
  object space 205312K, 40% used [0x0000000080000000,0x00000000850eca90,0x000000008c880000)
 Metaspace       used 102448K, capacity 107046K, committed 107416K, reserved 1142784K
  class space    used 13200K, capacity 14133K, committed 14256K, reserved 1048576K
Event: 2876.711 GC heap after
Heap after GC invocations=32 (full 4):
 PSYoungGen      total 297984K, used 7656K [0x00000000d5580000, 0x00000000e9600000, 0x0000000100000000)
  eden space 270848K, 0% used [0x00000000d5580000,0x00000000d5580000,0x00000000e5e00000)
  from space 27136K, 28% used [0x00000000e7b80000,0x00000000e82fa0e0,0x00000000e9600000)
  to   space 28672K, 0% used [0x00000000e5e00000,0x00000000e5e00000,0x00000000e7a00000)
 ParOldGen       total 205312K, used 87389K [0x0000000080000000, 0x000000008c880000, 0x00000000d5580000)
  object space 205312K, 42% used [0x0000000080000000,0x00000000855576b8,0x000000008c880000)
 Metaspace       used 102448K, capacity 107046K, committed 107416K, reserved 1142784K
  class space    used 13200K, capacity 14133K, committed 14256K, reserved 1048576K
}
Event: 2878.478 GC heap before
{Heap before GC invocations=33 (full 4):
 PSYoungGen      total 297984K, used 278504K [0x00000000d5580000, 0x00000000e9600000, 0x0000000100000000)
  eden space 270848K, 100% used [0x00000000d5580000,0x00000000e5e00000,0x00000000e5e00000)
  from space 27136K, 28% used [0x00000000e7b80000,0x00000000e82fa0e0,0x00000000e9600000)
  to   space 28672K, 0% used [0x00000000e5e00000,0x00000000e5e00000,0x00000000e7a00000)
 ParOldGen       total 205312K, used 87389K [0x0000000080000000, 0x000000008c880000, 0x00000000d5580000)
  object space 205312K, 42% used [0x0000000080000000,0x00000000855576b8,0x000000008c880000)
 Metaspace       used 102481K, capacity 107112K, committed 107416K, reserved 1142784K
  class space    used 13201K, capacity 14134K, committed 14256K, reserved 1048576K
Event: 2878.505 GC heap after
Heap after GC invocations=33 (full 4):
 PSYoungGen      total 299520K, used 4951K [0x00000000d5580000, 0x00000000e9600000, 0x0000000100000000)
  eden space 270848K, 0% used [0x00000000d5580000,0x00000000d5580000,0x00000000e5e00000)
  from space 28672K, 17% used [0x00000000e5e00000,0x00000000e62d5e78,0x00000000e7a00000)
  to   space 27136K, 0% used [0x00000000e7b80000,0x00000000e7b80000,0x00000000e9600000)
 ParOldGen       total 205312K, used 93529K [0x0000000080000000, 0x000000008c880000, 0x00000000d5580000)
  object space 205312K, 45% used [0x0000000080000000,0x0000000085b56540,0x000000008c880000)
 Metaspace       used 102481K, capacity 107112K, committed 107416K, reserved 1142784K
  class space    used 13201K, capacity 14134K, committed 14256K, reserved 1048576K
}

Deoptimization events (10 events):
Event: 2875.462 Thread 0x000000001f8c0800 Uncommon trap: reason=class_check action=maybe_recompile pc=0x000000000630cd68 method=java.util.Collections$SetFromMap.<init>(Ljava/util/Map;)V @ 5
Event: 2875.483 Thread 0x000000001b444000 Uncommon trap: reason=class_check action=maybe_recompile pc=0x000000000630cd68 method=java.util.Collections$SetFromMap.<init>(Ljava/util/Map;)V @ 5
Event: 2875.483 Thread 0x000000001b444000 Uncommon trap: reason=class_check action=maybe_recompile pc=0x000000000630cd68 method=java.util.Collections$SetFromMap.<init>(Ljava/util/Map;)V @ 5
Event: 2876.344 Thread 0x000000001f8bf800 Uncommon trap: reason=bimorphic action=maybe_recompile pc=0x0000000006a4bbf0 method=com.android.tools.r8.u.c.c0.e.a(Ljava/lang/Iterable;)Ljava/util/Set; @ 16
Event: 2877.039 Thread 0x000000001f8c0800 Uncommon trap: reason=bimorphic action=maybe_recompile pc=0x0000000006a4bbf0 method=com.android.tools.r8.u.c.c0.e.a(Ljava/lang/Iterable;)Ljava/util/Set; @ 16
Event: 2877.376 Thread 0x000000001f8c0800 Uncommon trap: reason=bimorphic action=maybe_recompile pc=0x0000000006a4bbf0 method=com.android.tools.r8.u.c.c0.e.a(Ljava/lang/Iterable;)Ljava/util/Set; @ 16
Event: 2877.411 Thread 0x000000001b444000 Uncommon trap: reason=unstable_if action=reinterpret pc=0x0000000006a630dc method=com.android.tools.r8.ir.conversion.N.a(ILcom/android/tools/r8/u/b/p1;Lcom/android/tools/r8/u/b/n;Lcom/android/tools/r8/u/b/n$c;Lcom/android/tools/r8/u/b/Q0$a;)Lcom/android/t
Event: 2877.412 Thread 0x000000001b444000 Uncommon trap: reason=unstable_if action=reinterpret pc=0x0000000006ac0170 method=com.android.tools.r8.ir.conversion.N.b(ILcom/android/tools/r8/graph/r;)V @ 41
Event: 2877.419 Thread 0x000000001b444000 Uncommon trap: reason=unstable_if action=reinterpret pc=0x00000000054755e4 method=com.android.tools.r8.u.a.i.e.b(Lcom/android/tools/r8/u/b/h0;)V @ 11
Event: 2878.413 Thread 0x000000001f8bf800 Uncommon trap: reason=predicate action=maybe_recompile pc=0x0000000006c30e88 method=com.android.tools.r8.ir.optimize.Z.a(Lcom/android/tools/r8/u/b/W;Lcom/android/tools/r8/ir/regalloc/e;I)V @ 330

Classes redefined (0 events):
No events

Internal exceptions (10 events):
Event: 2876.749 Thread 0x000000001f8c0800 Exception <a 'sun/nio/fs/WindowsException'> (0x00000000d57f0ae0) thrown at [C:\src\AOSP-openjdk-git\hotspot\src\share\vm\prims\jni.cpp, line 710]
Event: 2877.412 Thread 0x000000001b444000 Implicit null exception at 0x0000000006abfd10 to 0x0000000006ac0136
Event: 2877.744 Thread 0x000000001f8bf800 Exception <a 'sun/nio/fs/WindowsException'> (0x00000000ddd09cf0) thrown at [C:\src\AOSP-openjdk-git\hotspot\src\share\vm\prims\jni.cpp, line 710]
Event: 2877.857 Thread 0x000000001f8bf800 Exception <a 'sun/nio/fs/WindowsException'> (0x00000000df836178) thrown at [C:\src\AOSP-openjdk-git\hotspot\src\share\vm\prims\jni.cpp, line 710]
Event: 2877.866 Thread 0x000000001f8bf000 Exception <a 'sun/nio/fs/WindowsException'> (0x00000000df817188) thrown at [C:\src\AOSP-openjdk-git\hotspot\src\share\vm\prims\jni.cpp, line 710]
Event: 2877.946 Thread 0x000000001f8bf000 Exception <a 'sun/nio/fs/WindowsException'> (0x00000000e074c380) thrown at [C:\src\AOSP-openjdk-git\hotspot\src\share\vm\prims\jni.cpp, line 710]
Event: 2878.158 Thread 0x000000001f8bf800 Exception <a 'sun/nio/fs/WindowsException'> (0x00000000df969ef8) thrown at [C:\src\AOSP-openjdk-git\hotspot\src\share\vm\prims\jni.cpp, line 710]
Event: 2878.802 Thread 0x000000001f8bf000 Exception <a 'sun/nio/fs/WindowsException'> (0x00000000d8246fd0) thrown at [C:\src\AOSP-openjdk-git\hotspot\src\share\vm\prims\jni.cpp, line 710]
Event: 2878.957 Thread 0x000000001f8bf000 Exception <a 'sun/nio/fs/WindowsException'> (0x00000000d8274bd0) thrown at [C:\src\AOSP-openjdk-git\hotspot\src\share\vm\prims\jni.cpp, line 710]
Event: 2879.028 Thread 0x000000001f8bf000 Exception <a 'sun/nio/fs/WindowsException'> (0x00000000da3bd128) thrown at [C:\src\AOSP-openjdk-git\hotspot\src\share\vm\prims\jni.cpp, line 710]

Events (10 events):
Event: 2878.413 Thread 0x000000001f8bf800 DEOPT PACKING pc=0x0000000006c30e88 sp=0x0000000026aa9e50
Event: 2878.413 Thread 0x000000001f8bf800 DEOPT UNPACKING pc=0x00000000034c557b sp=0x0000000026aa9ea8 mode 2
Event: 2878.476 Executing VM operation: ParallelGCFailedAllocation
Event: 2878.505 Executing VM operation: ParallelGCFailedAllocation done
Event: 2878.505 Executing VM operation: RevokeBias
Event: 2878.506 Executing VM operation: RevokeBias done
Event: 2878.506 Executing VM operation: RevokeBias
Event: 2878.507 Executing VM operation: RevokeBias done
Event: 2878.641 Thread 0x000000001f8bf800 DEOPT PACKING pc=0x00000000068d4a21 sp=0x0000000026aaab40
Event: 2878.641 Thread 0x000000001f8bf800 DEOPT UNPACKING pc=0x00000000034c75d0 sp=0x0000000026aaa830 mode 0


Dynamic libraries:
0x00007ff6c81a0000 - 0x00007ff6c81d1000 	C:\Program Files\Android\Android Studio\jre\bin\java.exe
0x00007ffaf4240000 - 0x00007ffaf4430000 	C:\WINDOWS\SYSTEM32\ntdll.dll
0x00007ffaf3d40000 - 0x00007ffaf3df2000 	C:\WINDOWS\System32\KERNEL32.DLL
0x00007ffaf1340000 - 0x00007ffaf15e4000 	C:\WINDOWS\System32\KERNELBASE.dll
0x00007ffaf2d90000 - 0x00007ffaf2e33000 	C:\WINDOWS\System32\ADVAPI32.dll
0x00007ffaf3110000 - 0x00007ffaf31ae000 	C:\WINDOWS\System32\msvcrt.dll
0x00007ffaf3070000 - 0x00007ffaf3107000 	C:\WINDOWS\System32\sechost.dll
0x00007ffaf3f80000 - 0x00007ffaf40a0000 	C:\WINDOWS\System32\RPCRT4.dll
0x00007ffaf2840000 - 0x00007ffaf29d5000 	C:\WINDOWS\System32\USER32.dll
0x00007ffaf1ee0000 - 0x00007ffaf1f01000 	C:\WINDOWS\System32\win32u.dll
0x00007ffaf3e00000 - 0x00007ffaf3e26000 	C:\WINDOWS\System32\GDI32.dll
0x00007ffaf2120000 - 0x00007ffaf22b6000 	C:\WINDOWS\System32\gdi32full.dll
0x00007ffaf1f10000 - 0x00007ffaf1fae000 	C:\WINDOWS\System32\msvcp_win.dll
0x00007ffaf11c0000 - 0x00007ffaf12ba000 	C:\WINDOWS\System32\ucrtbase.dll
0x00007ffad7880000 - 0x00007ffad7b04000 	C:\WINDOWS\WinSxS\amd64_microsoft.windows.common-controls_6595b64144ccf1df_6.0.18362.1016_none_9e7a36bbe461dae4\COMCTL32.dll
0x00007ffaf2a50000 - 0x00007ffaf2d85000 	C:\WINDOWS\System32\combase.dll
0x00007ffaf12c0000 - 0x00007ffaf1340000 	C:\WINDOWS\System32\bcryptPrimitives.dll
0x00007ffaf3c20000 - 0x00007ffaf3c4e000 	C:\WINDOWS\System32\IMM32.DLL
0x0000000073c60000 - 0x0000000073d32000 	C:\Program Files\Android\Android Studio\jre\jre\bin\msvcr100.dll
0x0000000073e20000 - 0x000000007466b000 	C:\Program Files\Android\Android Studio\jre\jre\bin\server\jvm.dll
0x00007ffaf3e30000 - 0x00007ffaf3e38000 	C:\WINDOWS\System32\PSAPI.DLL
0x00007ffade1c0000 - 0x00007ffade1c9000 	C:\WINDOWS\SYSTEM32\WSOCK32.dll
0x00007ffaf3410000 - 0x00007ffaf347f000 	C:\WINDOWS\System32\WS2_32.dll
0x00007ffaed760000 - 0x00007ffaed784000 	C:\WINDOWS\SYSTEM32\WINMM.dll
0x00007ffae6680000 - 0x00007ffae668a000 	C:\WINDOWS\SYSTEM32\VERSION.dll
0x00007ffaed730000 - 0x00007ffaed75d000 	C:\WINDOWS\SYSTEM32\winmmbase.dll
0x00007ffaf1e90000 - 0x00007ffaf1eda000 	C:\WINDOWS\System32\cfgmgr32.dll
0x00007ffad9d90000 - 0x00007ffad9d9f000 	C:\Program Files\Android\Android Studio\jre\jre\bin\verify.dll
0x00007ffad9400000 - 0x00007ffad9429000 	C:\Program Files\Android\Android Studio\jre\jre\bin\java.dll
0x00007ffad9d70000 - 0x00007ffad9d86000 	C:\Program Files\Android\Android Studio\jre\jre\bin\zip.dll
0x00007ffaf3530000 - 0x00007ffaf3c17000 	C:\WINDOWS\System32\SHELL32.dll
0x00007ffaf3360000 - 0x00007ffaf3409000 	C:\WINDOWS\System32\shcore.dll
0x00007ffaf15f0000 - 0x00007ffaf1d72000 	C:\WINDOWS\System32\windows.storage.dll
0x00007ffaf1190000 - 0x00007ffaf11b3000 	C:\WINDOWS\System32\profapi.dll
0x00007ffaf1120000 - 0x00007ffaf116a000 	C:\WINDOWS\System32\powrprof.dll
0x00007ffaf10f0000 - 0x00007ffaf1100000 	C:\WINDOWS\System32\UMPDC.dll
0x00007ffaf3c60000 - 0x00007ffaf3cb2000 	C:\WINDOWS\System32\shlwapi.dll
0x00007ffaf1100000 - 0x00007ffaf1111000 	C:\WINDOWS\System32\kernel.appcore.dll
0x00007ffaf2100000 - 0x00007ffaf2117000 	C:\WINDOWS\System32\cryptsp.dll
0x00007ffad92d0000 - 0x00007ffad92ea000 	C:\Program Files\Android\Android Studio\jre\jre\bin\net.dll
0x00007ffaf0950000 - 0x00007ffaf09b7000 	C:\WINDOWS\system32\mswsock.dll
0x00007ffad92b0000 - 0x00007ffad92c3000 	C:\Program Files\Android\Android Studio\jre\jre\bin\nio.dll
0x00007ffaed330000 - 0x00007ffaed356000 	C:\Users\Anil\.gradle\native\31\windows-amd64\native-platform.dll
0x00007ffad93f0000 - 0x00007ffad93fd000 	C:\Program Files\Android\Android Studio\jre\jre\bin\management.dll
0x00007ffaf04c0000 - 0x00007ffaf04f3000 	C:\WINDOWS\system32\rsaenh.dll
0x00007ffaf22c0000 - 0x00007ffaf22e6000 	C:\WINDOWS\System32\bcrypt.dll
0x00007ffaf1010000 - 0x00007ffaf1035000 	C:\WINDOWS\SYSTEM32\USERENV.dll
0x00007ffaf0b20000 - 0x00007ffaf0b2c000 	C:\WINDOWS\SYSTEM32\CRYPTBASE.dll
0x00007ffaf0660000 - 0x00007ffaf069a000 	C:\WINDOWS\SYSTEM32\IPHLPAPI.DLL
0x00007ffaf3c50000 - 0x00007ffaf3c58000 	C:\WINDOWS\System32\NSI.dll
0x00007ffae57d0000 - 0x00007ffae57e6000 	C:\WINDOWS\SYSTEM32\dhcpcsvc6.DLL
0x00007ffae5e40000 - 0x00007ffae5e5c000 	C:\WINDOWS\SYSTEM32\dhcpcsvc.DLL
0x00007ffaf06a0000 - 0x00007ffaf076b000 	C:\WINDOWS\SYSTEM32\DNSAPI.dll

VM Arguments:
jvm_args: -Xmx2048m -Dfile.encoding=windows-1252 -Duser.country=IN -Duser.language=en -Duser.variant 
java_command: org.gradle.launcher.daemon.bootstrap.GradleDaemon 6.1.1
java_class_path (initial): C:\Users\Anil\.gradle\wrapper\dists\gradle-6.1.1-all\cfmwm155h49vnt3hynmlrsdst\gradle-6.1.1\lib\gradle-launcher-6.1.1.jar
Launcher Type: SUN_STANDARD

Environment Variables:
CLASSPATH=.;.;C:\PROGRA~2\JMF21~1.1E\lib\sound.jar;C:\PROGRA~2\JMF21~1.1E\lib\jmf.jar;C:\PROGRA~2\JMF21~1.1E\lib;
PATH=C:\Program Files (x86)\Common Files\Oracle\Java\javapath;C:\WINDOWS\system32;C:\WINDOWS;C:\WINDOWS\System32\Wbem;C:\WINDOWS\System32\WindowsPowerShell\v1.0\;C:\WINDOWS\System32\OpenSSH\;C:\Program Files\Java\jdk1.8.0_202\bin;C:\Program Files\Intel\WiFi\bin\;C:\Program Files\Common Files\Intel\WirelessCommon\;C:\Program Files\Git\cmd;C:\Program Files\PuTTY\;C:\flutter_sdk\flutter\bin;C:\Users\Anil\AppData\Local\GitHubDesktop\bin;C:\Users\Anil\AppData\Local\Programs\Microsoft VS Code\bin
USERNAME=Anil
OS=Windows_NT
PROCESSOR_IDENTIFIER=Intel64 Family 6 Model 69 Stepping 1, GenuineIntel



---------------  S Y S T E M  ---------------

OS: Windows 10.0 , 64 bit Build 18362 (10.0.18362.959)

CPU:total 4 (initial active 4) (2 cores per cpu, 2 threads per core) family 6 model 69 stepping 1, cmov, cx8, fxsr, mmx, sse, sse2, sse3, ssse3, sse4.1, sse4.2, popcnt, avx, avx2, aes, clmul, erms, lzcnt, ht, tsc, tscinvbit, bmi1, bmi2

Memory: 4k page, physical 7791724k(332400k free), swap 7791724k(7576k free)

vm_info: OpenJDK 64-Bit Server VM (25.242-b01) for windows-amd64 JRE (1.8.0_242-release-1644-b01), built by "builder" with MS VC++ 10.0 (VS2010)

time: Fri Sep 11 09:48:57 2020
timezone: India Standard Time
elapsed time: 2879 seconds (0d 0h 47m 59s)

